Mai 31, 2014 4:31:59 AM org.apache.catalina.startup.Embedded initDirs
Schwerwiegend: Cannot find specified temporary folder at /home/philipp/Studium/2014_SS/ITM/assignment3/tools/tomcat/apache-tomcat-6.0.16/temp
Mai 31, 2014 4:31:59 AM org.apache.catalina.core.AprLifecycleListener init
Information: The APR based Apache Tomcat Native library which allows optimal performance in production environments was not found on the java.library.path: /usr/java/packages/lib/amd64:/usr/lib/x86_64-linux-gnu/jni:/lib/x86_64-linux-gnu:/usr/lib/x86_64-linux-gnu:/usr/lib/jni:/lib:/usr/lib
Mai 31, 2014 4:31:59 AM org.apache.coyote.http11.Http11Protocol init
Information: Initializing Coyote HTTP/1.1 on http-8080
Mai 31, 2014 4:31:59 AM org.apache.catalina.startup.Catalina load
Information: Initialization processed in 405 ms
Mai 31, 2014 4:31:59 AM org.apache.catalina.core.StandardService start
Information: Starting service Catalina
Mai 31, 2014 4:31:59 AM org.apache.catalina.core.StandardEngine start
Information: Starting Servlet Engine: Apache Tomcat/6.0.16
Mai 31, 2014 4:32:00 AM org.apache.coyote.http11.Http11Protocol start
Information: Starting Coyote HTTP/1.1 on http-8080
Mai 31, 2014 4:32:00 AM org.apache.jk.common.ChannelSocket init
Information: JK: ajp13 listening on /0.0.0.0:8009
Mai 31, 2014 4:32:00 AM org.apache.jk.server.JkMain start
Information: Jk running ID=0 time=0/19  config=null
Mai 31, 2014 4:32:00 AM org.apache.catalina.startup.Catalina start
Information: Server startup in 387 ms
Mai 31, 2014 4:32:51 AM org.apache.coyote.http11.Http11Protocol pause
Information: Pausing Coyote HTTP/1.1 on http-8080
Mai 31, 2014 4:32:52 AM org.apache.catalina.core.StandardService stop
Information: Stopping service Catalina
Mai 31, 2014 4:32:52 AM org.apache.coyote.http11.Http11Protocol destroy
Information: Stopping Coyote HTTP/1.1 on http-8080
Mai 31, 2014 4:32:53 AM org.apache.catalina.startup.Embedded initDirs
Schwerwiegend: Cannot find specified temporary folder at /home/philipp/Studium/2014_SS/ITM/assignment3/tools/tomcat/apache-tomcat-6.0.16/temp
Mai 31, 2014 4:32:53 AM org.apache.catalina.core.AprLifecycleListener init
Information: The APR based Apache Tomcat Native library which allows optimal performance in production environments was not found on the java.library.path: /usr/java/packages/lib/amd64:/usr/lib/x86_64-linux-gnu/jni:/lib/x86_64-linux-gnu:/usr/lib/x86_64-linux-gnu:/usr/lib/jni:/lib:/usr/lib
Mai 31, 2014 4:32:53 AM org.apache.coyote.http11.Http11Protocol init
Information: Initializing Coyote HTTP/1.1 on http-8080
Mai 31, 2014 4:32:53 AM org.apache.catalina.startup.Catalina load
Information: Initialization processed in 406 ms
Mai 31, 2014 4:32:53 AM org.apache.catalina.core.StandardService start
Information: Starting service Catalina
Mai 31, 2014 4:32:53 AM org.apache.catalina.core.StandardEngine start
Information: Starting Servlet Engine: Apache Tomcat/6.0.16
Mai 31, 2014 4:32:53 AM org.apache.coyote.http11.Http11Protocol start
Information: Starting Coyote HTTP/1.1 on http-8080
Mai 31, 2014 4:32:53 AM org.apache.jk.common.ChannelSocket init
Information: JK: ajp13 listening on /0.0.0.0:8009
Mai 31, 2014 4:32:54 AM org.apache.jk.server.JkMain start
Information: Jk running ID=0 time=0/19  config=null
Mai 31, 2014 4:32:54 AM org.apache.catalina.startup.Catalina start
Information: Server startup in 402 ms
Mai 31, 2014 4:34:44 AM org.apache.coyote.http11.Http11Protocol pause
Information: Pausing Coyote HTTP/1.1 on http-8080
Mai 31, 2014 4:34:45 AM org.apache.catalina.core.StandardService stop
Information: Stopping service Catalina
Mai 31, 2014 4:34:45 AM org.apache.coyote.http11.Http11Protocol destroy
Information: Stopping Coyote HTTP/1.1 on http-8080
Mai 31, 2014 4:34:46 AM org.apache.catalina.startup.Embedded initDirs
Schwerwiegend: Cannot find specified temporary folder at /home/philipp/Studium/2014_SS/ITM/assignment3/tools/tomcat/apache-tomcat-6.0.16/temp
Mai 31, 2014 4:34:46 AM org.apache.catalina.core.AprLifecycleListener init
Information: The APR based Apache Tomcat Native library which allows optimal performance in production environments was not found on the java.library.path: /usr/java/packages/lib/amd64:/usr/lib/x86_64-linux-gnu/jni:/lib/x86_64-linux-gnu:/usr/lib/x86_64-linux-gnu:/usr/lib/jni:/lib:/usr/lib
Mai 31, 2014 4:34:46 AM org.apache.coyote.http11.Http11Protocol init
Information: Initializing Coyote HTTP/1.1 on http-8080
Mai 31, 2014 4:34:46 AM org.apache.catalina.startup.Catalina load
Information: Initialization processed in 405 ms
Mai 31, 2014 4:34:46 AM org.apache.catalina.core.StandardService start
Information: Starting service Catalina
Mai 31, 2014 4:34:46 AM org.apache.catalina.core.StandardEngine start
Information: Starting Servlet Engine: Apache Tomcat/6.0.16
Mai 31, 2014 4:34:47 AM org.apache.coyote.http11.Http11Protocol start
Information: Starting Coyote HTTP/1.1 on http-8080
Mai 31, 2014 4:34:47 AM org.apache.jk.common.ChannelSocket init
Information: JK: ajp13 listening on /0.0.0.0:8009
Mai 31, 2014 4:34:47 AM org.apache.jk.server.JkMain start
Information: Jk running ID=0 time=0/20  config=null
Mai 31, 2014 4:34:47 AM org.apache.catalina.startup.Catalina start
Information: Server startup in 405 ms
Mai 31, 2014 4:40:55 AM org.apache.coyote.http11.Http11Protocol pause
Information: Pausing Coyote HTTP/1.1 on http-8080
Mai 31, 2014 4:40:56 AM org.apache.catalina.core.StandardService stop
Information: Stopping service Catalina
Mai 31, 2014 4:40:56 AM org.apache.coyote.http11.Http11Protocol destroy
Information: Stopping Coyote HTTP/1.1 on http-8080
Mai 31, 2014 4:40:56 AM org.apache.catalina.startup.Embedded initDirs
Schwerwiegend: Cannot find specified temporary folder at /home/philipp/Studium/2014_SS/ITM/assignment3/tools/tomcat/apache-tomcat-6.0.16/temp
Mai 31, 2014 4:40:57 AM org.apache.catalina.core.AprLifecycleListener init
Information: The APR based Apache Tomcat Native library which allows optimal performance in production environments was not found on the java.library.path: /usr/java/packages/lib/amd64:/usr/lib/x86_64-linux-gnu/jni:/lib/x86_64-linux-gnu:/usr/lib/x86_64-linux-gnu:/usr/lib/jni:/lib:/usr/lib
Mai 31, 2014 4:40:57 AM org.apache.coyote.http11.Http11Protocol init
Information: Initializing Coyote HTTP/1.1 on http-8080
Mai 31, 2014 4:40:57 AM org.apache.catalina.startup.Catalina load
Information: Initialization processed in 404 ms
Mai 31, 2014 4:40:57 AM org.apache.catalina.core.StandardService start
Information: Starting service Catalina
Mai 31, 2014 4:40:57 AM org.apache.catalina.core.StandardEngine start
Information: Starting Servlet Engine: Apache Tomcat/6.0.16
Mai 31, 2014 4:40:57 AM org.apache.coyote.http11.Http11Protocol start
Information: Starting Coyote HTTP/1.1 on http-8080
Mai 31, 2014 4:40:57 AM org.apache.jk.common.ChannelSocket init
Information: JK: ajp13 listening on /0.0.0.0:8009
Mai 31, 2014 4:40:57 AM org.apache.jk.server.JkMain start
Information: Jk running ID=0 time=0/19  config=null
Mai 31, 2014 4:40:57 AM org.apache.catalina.startup.Catalina start
Information: Server startup in 397 ms
Mai 31, 2014 4:42:15 AM org.apache.coyote.http11.Http11Protocol pause
Information: Pausing Coyote HTTP/1.1 on http-8080
Mai 31, 2014 4:42:16 AM org.apache.catalina.core.StandardService stop
Information: Stopping service Catalina
Mai 31, 2014 4:42:16 AM org.apache.coyote.http11.Http11Protocol destroy
Information: Stopping Coyote HTTP/1.1 on http-8080
Mai 31, 2014 4:42:16 AM org.apache.catalina.startup.Embedded initDirs
Schwerwiegend: Cannot find specified temporary folder at /home/philipp/Studium/2014_SS/ITM/assignment3/tools/tomcat/apache-tomcat-6.0.16/temp
Mai 31, 2014 4:42:17 AM org.apache.catalina.core.AprLifecycleListener init
Information: The APR based Apache Tomcat Native library which allows optimal performance in production environments was not found on the java.library.path: /usr/java/packages/lib/amd64:/usr/lib/x86_64-linux-gnu/jni:/lib/x86_64-linux-gnu:/usr/lib/x86_64-linux-gnu:/usr/lib/jni:/lib:/usr/lib
Mai 31, 2014 4:42:17 AM org.apache.coyote.http11.Http11Protocol init
Information: Initializing Coyote HTTP/1.1 on http-8080
Mai 31, 2014 4:42:17 AM org.apache.catalina.startup.Catalina load
Information: Initialization processed in 402 ms
Mai 31, 2014 4:42:17 AM org.apache.catalina.core.StandardService start
Information: Starting service Catalina
Mai 31, 2014 4:42:17 AM org.apache.catalina.core.StandardEngine start
Information: Starting Servlet Engine: Apache Tomcat/6.0.16
Mai 31, 2014 4:42:17 AM org.apache.coyote.http11.Http11Protocol start
Information: Starting Coyote HTTP/1.1 on http-8080
Mai 31, 2014 4:42:17 AM org.apache.jk.common.ChannelSocket init
Information: JK: ajp13 listening on /0.0.0.0:8009
Mai 31, 2014 4:42:17 AM org.apache.jk.server.JkMain start
Information: Jk running ID=0 time=0/20  config=null
Mai 31, 2014 4:42:17 AM org.apache.catalina.startup.Catalina start
Information: Server startup in 399 ms
Mai 31, 2014 4:43:52 AM org.apache.coyote.http11.Http11Protocol pause
Information: Pausing Coyote HTTP/1.1 on http-8080
Mai 31, 2014 4:43:53 AM org.apache.catalina.core.StandardService stop
Information: Stopping service Catalina
Mai 31, 2014 4:43:53 AM org.apache.coyote.http11.Http11Protocol destroy
Information: Stopping Coyote HTTP/1.1 on http-8080
Mai 31, 2014 4:43:53 AM org.apache.catalina.startup.Embedded initDirs
Schwerwiegend: Cannot find specified temporary folder at /home/philipp/Studium/2014_SS/ITM/assignment3/tools/tomcat/apache-tomcat-6.0.16/temp
Mai 31, 2014 4:43:54 AM org.apache.catalina.core.AprLifecycleListener init
Information: The APR based Apache Tomcat Native library which allows optimal performance in production environments was not found on the java.library.path: /usr/java/packages/lib/amd64:/usr/lib/x86_64-linux-gnu/jni:/lib/x86_64-linux-gnu:/usr/lib/x86_64-linux-gnu:/usr/lib/jni:/lib:/usr/lib
Mai 31, 2014 4:43:54 AM org.apache.coyote.http11.Http11Protocol init
Information: Initializing Coyote HTTP/1.1 on http-8080
Mai 31, 2014 4:43:54 AM org.apache.catalina.startup.Catalina load
Information: Initialization processed in 407 ms
Mai 31, 2014 4:43:54 AM org.apache.catalina.core.StandardService start
Information: Starting service Catalina
Mai 31, 2014 4:43:54 AM org.apache.catalina.core.StandardEngine start
Information: Starting Servlet Engine: Apache Tomcat/6.0.16
Mai 31, 2014 4:43:54 AM org.apache.coyote.http11.Http11Protocol start
Information: Starting Coyote HTTP/1.1 on http-8080
Mai 31, 2014 4:43:54 AM org.apache.jk.common.ChannelSocket init
Information: JK: ajp13 listening on /0.0.0.0:8009
Mai 31, 2014 4:43:54 AM org.apache.jk.server.JkMain start
Information: Jk running ID=0 time=0/19  config=null
Mai 31, 2014 4:43:54 AM org.apache.catalina.startup.Catalina start
Information: Server startup in 398 ms
Mai 31, 2014 4:43:58 AM org.apache.coyote.http11.Http11Protocol pause
Information: Pausing Coyote HTTP/1.1 on http-8080
Mai 31, 2014 4:43:59 AM org.apache.catalina.core.StandardService stop
Information: Stopping service Catalina
Mai 31, 2014 4:43:59 AM org.apache.coyote.http11.Http11Protocol destroy
Information: Stopping Coyote HTTP/1.1 on http-8080
Mai 31, 2014 4:45:53 AM org.apache.catalina.startup.Catalina stopServer
Schwerwiegend: Catalina.stop: 
java.net.ConnectException: Verbindungsaufbau abgelehnt
	at java.net.PlainSocketImpl.socketConnect(Native Method)
	at java.net.AbstractPlainSocketImpl.doConnect(AbstractPlainSocketImpl.java:339)
	at java.net.AbstractPlainSocketImpl.connectToAddress(AbstractPlainSocketImpl.java:200)
	at java.net.AbstractPlainSocketImpl.connect(AbstractPlainSocketImpl.java:182)
	at java.net.SocksSocketImpl.connect(SocksSocketImpl.java:392)
	at java.net.Socket.connect(Socket.java:579)
	at java.net.Socket.connect(Socket.java:528)
	at java.net.Socket.<init>(Socket.java:425)
	at java.net.Socket.<init>(Socket.java:208)
	at org.apache.catalina.startup.Catalina.stopServer(Catalina.java:421)
	at sun.reflect.NativeMethodAccessorImpl.invoke0(Native Method)
	at sun.reflect.NativeMethodAccessorImpl.invoke(NativeMethodAccessorImpl.java:57)
	at sun.reflect.DelegatingMethodAccessorImpl.invoke(DelegatingMethodAccessorImpl.java:43)
	at java.lang.reflect.Method.invoke(Method.java:606)
	at org.apache.catalina.startup.Bootstrap.stopServer(Bootstrap.java:337)
	at org.apache.catalina.startup.Bootstrap.main(Bootstrap.java:415)

Mai 31, 2014 4:45:55 AM org.apache.catalina.startup.Embedded initDirs
Schwerwiegend: Cannot find specified temporary folder at /home/philipp/Studium/2014_SS/ITM/assignment3/tools/tomcat/apache-tomcat-6.0.16/temp
Mai 31, 2014 4:45:55 AM org.apache.catalina.core.AprLifecycleListener init
Information: The APR based Apache Tomcat Native library which allows optimal performance in production environments was not found on the java.library.path: /usr/java/packages/lib/amd64:/usr/lib/x86_64-linux-gnu/jni:/lib/x86_64-linux-gnu:/usr/lib/x86_64-linux-gnu:/usr/lib/jni:/lib:/usr/lib
Mai 31, 2014 4:45:55 AM org.apache.coyote.http11.Http11Protocol init
Information: Initializing Coyote HTTP/1.1 on http-8080
Mai 31, 2014 4:45:55 AM org.apache.catalina.startup.Catalina load
Information: Initialization processed in 406 ms
Mai 31, 2014 4:45:55 AM org.apache.catalina.core.StandardService start
Information: Starting service Catalina
Mai 31, 2014 4:45:55 AM org.apache.catalina.core.StandardEngine start
Information: Starting Servlet Engine: Apache Tomcat/6.0.16
Mai 31, 2014 4:45:55 AM org.apache.coyote.http11.Http11Protocol start
Information: Starting Coyote HTTP/1.1 on http-8080
Mai 31, 2014 4:45:55 AM org.apache.jk.common.ChannelSocket init
Information: JK: ajp13 listening on /0.0.0.0:8009
Mai 31, 2014 4:45:55 AM org.apache.jk.server.JkMain start
Information: Jk running ID=0 time=0/19  config=null
Mai 31, 2014 4:45:55 AM org.apache.catalina.startup.Catalina start
Information: Server startup in 393 ms
Mai 31, 2014 4:50:39 AM org.apache.coyote.http11.Http11Protocol pause
Information: Pausing Coyote HTTP/1.1 on http-8080
Mai 31, 2014 4:50:40 AM org.apache.catalina.core.StandardService stop
Information: Stopping service Catalina
Mai 31, 2014 4:50:40 AM org.apache.coyote.http11.Http11Protocol destroy
Information: Stopping Coyote HTTP/1.1 on http-8080
