Mai 31, 2014 4:32:11 AM org.apache.catalina.core.StandardWrapperValve invoke
Schwerwiegend: Servlet.service() for servlet jsp threw exception
java.io.IOException: Output directory /home/philipp/Studium/2014_SS/ITM/assignment3/tools/tomcat/apache-tomcat-6.0.16/webapps/../../../../webapps/itm/media/md not found!
	at itm.image.ImageThumbnailGenerator.batchProcessImages(Unknown Source)
	at itm.model.MediaFactory.loadMedia(Unknown Source)
	at itm.model.MediaFactory.getMedia(Unknown Source)
	at org.apache.jsp.index_jsp._jspService(index_jsp.java:94)
	at org.apache.jasper.runtime.HttpJspBase.service(HttpJspBase.java:70)
	at javax.servlet.http.HttpServlet.service(HttpServlet.java:803)
	at org.apache.jasper.servlet.JspServletWrapper.service(JspServletWrapper.java:374)
	at org.apache.jasper.servlet.JspServlet.serviceJspFile(JspServlet.java:337)
	at org.apache.jasper.servlet.JspServlet.service(JspServlet.java:266)
	at javax.servlet.http.HttpServlet.service(HttpServlet.java:803)
	at org.apache.catalina.core.ApplicationFilterChain.internalDoFilter(ApplicationFilterChain.java:290)
	at org.apache.catalina.core.ApplicationFilterChain.doFilter(ApplicationFilterChain.java:206)
	at org.apache.catalina.core.StandardWrapperValve.invoke(StandardWrapperValve.java:233)
	at org.apache.catalina.core.StandardContextValve.invoke(StandardContextValve.java:175)
	at org.apache.catalina.core.StandardHostValve.invoke(StandardHostValve.java:128)
	at org.apache.catalina.valves.ErrorReportValve.invoke(ErrorReportValve.java:102)
	at org.apache.catalina.core.StandardEngineValve.invoke(StandardEngineValve.java:109)
	at org.apache.catalina.connector.CoyoteAdapter.service(CoyoteAdapter.java:286)
	at org.apache.coyote.http11.Http11Processor.process(Http11Processor.java:844)
	at org.apache.coyote.http11.Http11Protocol$Http11ConnectionHandler.process(Http11Protocol.java:583)
	at org.apache.tomcat.util.net.JIoEndpoint$Worker.run(JIoEndpoint.java:447)
	at java.lang.Thread.run(Thread.java:744)

Mai 31, 2014 4:33:06 AM org.apache.catalina.core.StandardWrapperValve invoke
Schwerwiegend: Servlet.service() for servlet jsp threw exception
java.lang.UnsatisfiedLinkError: no xuggle-xuggler in java.library.path
	at java.lang.ClassLoader.loadLibrary(ClassLoader.java:1886)
	at java.lang.Runtime.loadLibrary0(Runtime.java:849)
	at java.lang.System.loadLibrary(System.java:1088)
	at com.xuggle.ferry.JNILibraryLoader.loadLibrary0(JNILibraryLoader.java:265)
	at com.xuggle.ferry.JNILibraryLoader.loadLibrary(JNILibraryLoader.java:168)
	at com.xuggle.xuggler.XugglerJNI.<clinit>(XugglerJNI.java:19)
	at com.xuggle.xuggler.IPixelFormat$Type.<clinit>(IPixelFormat.java:201)
	at itm.video.VideoThumbnailGenerator.<clinit>(Unknown Source)
	at itm.model.MediaFactory.loadMedia(Unknown Source)
	at itm.model.MediaFactory.getMedia(Unknown Source)
	at org.apache.jsp.index_jsp._jspService(index_jsp.java:94)
	at org.apache.jasper.runtime.HttpJspBase.service(HttpJspBase.java:70)
	at javax.servlet.http.HttpServlet.service(HttpServlet.java:803)
	at org.apache.jasper.servlet.JspServletWrapper.service(JspServletWrapper.java:374)
	at org.apache.jasper.servlet.JspServlet.serviceJspFile(JspServlet.java:337)
	at org.apache.jasper.servlet.JspServlet.service(JspServlet.java:266)
	at javax.servlet.http.HttpServlet.service(HttpServlet.java:803)
	at org.apache.catalina.core.ApplicationFilterChain.internalDoFilter(ApplicationFilterChain.java:290)
	at org.apache.catalina.core.ApplicationFilterChain.doFilter(ApplicationFilterChain.java:206)
	at org.apache.catalina.core.StandardWrapperValve.invoke(StandardWrapperValve.java:233)
	at org.apache.catalina.core.StandardContextValve.invoke(StandardContextValve.java:175)
	at org.apache.catalina.core.StandardHostValve.invoke(StandardHostValve.java:128)
	at org.apache.catalina.valves.ErrorReportValve.invoke(ErrorReportValve.java:102)
	at org.apache.catalina.core.StandardEngineValve.invoke(StandardEngineValve.java:109)
	at org.apache.catalina.connector.CoyoteAdapter.service(CoyoteAdapter.java:286)
	at org.apache.coyote.http11.Http11Processor.process(Http11Processor.java:844)
	at org.apache.coyote.http11.Http11Protocol$Http11ConnectionHandler.process(Http11Protocol.java:583)
	at org.apache.tomcat.util.net.JIoEndpoint$Worker.run(JIoEndpoint.java:447)
	at java.lang.Thread.run(Thread.java:744)

Mai 31, 2014 4:34:51 AM org.apache.catalina.core.StandardWrapperValve invoke
Schwerwiegend: Servlet.service() for servlet jsp threw exception
java.lang.NoClassDefFoundError: Could not initialize class itm.video.VideoThumbnailGenerator
	at itm.model.MediaFactory.loadMedia(Unknown Source)
	at itm.model.MediaFactory.getMedia(Unknown Source)
	at org.apache.jsp.index_jsp._jspService(index_jsp.java:94)
	at org.apache.jasper.runtime.HttpJspBase.service(HttpJspBase.java:70)
	at javax.servlet.http.HttpServlet.service(HttpServlet.java:803)
	at org.apache.jasper.servlet.JspServletWrapper.service(JspServletWrapper.java:374)
	at org.apache.jasper.servlet.JspServlet.serviceJspFile(JspServlet.java:337)
	at org.apache.jasper.servlet.JspServlet.service(JspServlet.java:266)
	at javax.servlet.http.HttpServlet.service(HttpServlet.java:803)
	at org.apache.catalina.core.ApplicationFilterChain.internalDoFilter(ApplicationFilterChain.java:290)
	at org.apache.catalina.core.ApplicationFilterChain.doFilter(ApplicationFilterChain.java:206)
	at org.apache.catalina.core.StandardWrapperValve.invoke(StandardWrapperValve.java:233)
	at org.apache.catalina.core.StandardContextValve.invoke(StandardContextValve.java:175)
	at org.apache.catalina.core.StandardHostValve.invoke(StandardHostValve.java:128)
	at org.apache.catalina.valves.ErrorReportValve.invoke(ErrorReportValve.java:102)
	at org.apache.catalina.core.StandardEngineValve.invoke(StandardEngineValve.java:109)
	at org.apache.catalina.connector.CoyoteAdapter.service(CoyoteAdapter.java:286)
	at org.apache.coyote.http11.Http11Processor.process(Http11Processor.java:844)
	at org.apache.coyote.http11.Http11Protocol$Http11ConnectionHandler.process(Http11Protocol.java:583)
	at org.apache.tomcat.util.net.JIoEndpoint$Worker.run(JIoEndpoint.java:447)
	at java.lang.Thread.run(Thread.java:744)

Mai 31, 2014 4:34:51 AM org.apache.catalina.core.StandardWrapperValve invoke
Schwerwiegend: Servlet.service() for servlet jsp threw exception
java.lang.UnsatisfiedLinkError: no xuggle-xuggler in java.library.path
	at java.lang.ClassLoader.loadLibrary(ClassLoader.java:1886)
	at java.lang.Runtime.loadLibrary0(Runtime.java:849)
	at java.lang.System.loadLibrary(System.java:1088)
	at com.xuggle.ferry.JNILibraryLoader.loadLibrary0(JNILibraryLoader.java:265)
	at com.xuggle.ferry.JNILibraryLoader.loadLibrary(JNILibraryLoader.java:168)
	at com.xuggle.xuggler.XugglerJNI.<clinit>(XugglerJNI.java:19)
	at com.xuggle.xuggler.IPixelFormat$Type.<clinit>(IPixelFormat.java:201)
	at itm.video.VideoThumbnailGenerator.<clinit>(Unknown Source)
	at itm.model.MediaFactory.loadMedia(Unknown Source)
	at itm.model.MediaFactory.getMedia(Unknown Source)
	at org.apache.jsp.index_jsp._jspService(index_jsp.java:94)
	at org.apache.jasper.runtime.HttpJspBase.service(HttpJspBase.java:70)
	at javax.servlet.http.HttpServlet.service(HttpServlet.java:803)
	at org.apache.jasper.servlet.JspServletWrapper.service(JspServletWrapper.java:374)
	at org.apache.jasper.servlet.JspServlet.serviceJspFile(JspServlet.java:337)
	at org.apache.jasper.servlet.JspServlet.service(JspServlet.java:266)
	at javax.servlet.http.HttpServlet.service(HttpServlet.java:803)
	at org.apache.catalina.core.ApplicationFilterChain.internalDoFilter(ApplicationFilterChain.java:290)
	at org.apache.catalina.core.ApplicationFilterChain.doFilter(ApplicationFilterChain.java:206)
	at org.apache.catalina.core.StandardWrapperValve.invoke(StandardWrapperValve.java:233)
	at org.apache.catalina.core.StandardContextValve.invoke(StandardContextValve.java:175)
	at org.apache.catalina.core.StandardHostValve.invoke(StandardHostValve.java:128)
	at org.apache.catalina.valves.ErrorReportValve.invoke(ErrorReportValve.java:102)
	at org.apache.catalina.core.StandardEngineValve.invoke(StandardEngineValve.java:109)
	at org.apache.catalina.connector.CoyoteAdapter.service(CoyoteAdapter.java:286)
	at org.apache.coyote.http11.Http11Processor.process(Http11Processor.java:844)
	at org.apache.coyote.http11.Http11Protocol$Http11ConnectionHandler.process(Http11Protocol.java:583)
	at org.apache.tomcat.util.net.JIoEndpoint$Worker.run(JIoEndpoint.java:447)
	at java.lang.Thread.run(Thread.java:744)

Mai 31, 2014 4:34:55 AM org.apache.catalina.core.StandardWrapperValve invoke
Schwerwiegend: Servlet.service() for servlet jsp threw exception
java.lang.NoClassDefFoundError: Could not initialize class itm.video.VideoThumbnailGenerator
	at itm.model.MediaFactory.loadMedia(Unknown Source)
	at itm.model.MediaFactory.getMedia(Unknown Source)
	at org.apache.jsp.index_jsp._jspService(index_jsp.java:94)
	at org.apache.jasper.runtime.HttpJspBase.service(HttpJspBase.java:70)
	at javax.servlet.http.HttpServlet.service(HttpServlet.java:803)
	at org.apache.jasper.servlet.JspServletWrapper.service(JspServletWrapper.java:374)
	at org.apache.jasper.servlet.JspServlet.serviceJspFile(JspServlet.java:337)
	at org.apache.jasper.servlet.JspServlet.service(JspServlet.java:266)
	at javax.servlet.http.HttpServlet.service(HttpServlet.java:803)
	at org.apache.catalina.core.ApplicationFilterChain.internalDoFilter(ApplicationFilterChain.java:290)
	at org.apache.catalina.core.ApplicationFilterChain.doFilter(ApplicationFilterChain.java:206)
	at org.apache.catalina.core.StandardWrapperValve.invoke(StandardWrapperValve.java:233)
	at org.apache.catalina.core.StandardContextValve.invoke(StandardContextValve.java:175)
	at org.apache.catalina.core.StandardHostValve.invoke(StandardHostValve.java:128)
	at org.apache.catalina.valves.ErrorReportValve.invoke(ErrorReportValve.java:102)
	at org.apache.catalina.core.StandardEngineValve.invoke(StandardEngineValve.java:109)
	at org.apache.catalina.connector.CoyoteAdapter.service(CoyoteAdapter.java:286)
	at org.apache.coyote.http11.Http11Processor.process(Http11Processor.java:844)
	at org.apache.coyote.http11.Http11Protocol$Http11ConnectionHandler.process(Http11Protocol.java:583)
	at org.apache.tomcat.util.net.JIoEndpoint$Worker.run(JIoEndpoint.java:447)
	at java.lang.Thread.run(Thread.java:744)

Mai 31, 2014 4:41:06 AM org.apache.catalina.core.StandardWrapperValve invoke
Schwerwiegend: Servlet.service() for servlet jsp threw exception
java.lang.UnsatisfiedLinkError: no xuggle-xuggler in java.library.path
	at java.lang.ClassLoader.loadLibrary(ClassLoader.java:1886)
	at java.lang.Runtime.loadLibrary0(Runtime.java:849)
	at java.lang.System.loadLibrary(System.java:1088)
	at com.xuggle.ferry.JNILibraryLoader.loadLibrary0(JNILibraryLoader.java:265)
	at com.xuggle.ferry.JNILibraryLoader.loadLibrary(JNILibraryLoader.java:168)
	at com.xuggle.xuggler.XugglerJNI.<clinit>(XugglerJNI.java:19)
	at com.xuggle.xuggler.IPixelFormat$Type.<clinit>(IPixelFormat.java:201)
	at itm.video.VideoThumbnailGenerator.<clinit>(Unknown Source)
	at itm.model.MediaFactory.loadMedia(Unknown Source)
	at itm.model.MediaFactory.getMedia(Unknown Source)
	at org.apache.jsp.index_jsp._jspService(index_jsp.java:94)
	at org.apache.jasper.runtime.HttpJspBase.service(HttpJspBase.java:70)
	at javax.servlet.http.HttpServlet.service(HttpServlet.java:803)
	at org.apache.jasper.servlet.JspServletWrapper.service(JspServletWrapper.java:374)
	at org.apache.jasper.servlet.JspServlet.serviceJspFile(JspServlet.java:337)
	at org.apache.jasper.servlet.JspServlet.service(JspServlet.java:266)
	at javax.servlet.http.HttpServlet.service(HttpServlet.java:803)
	at org.apache.catalina.core.ApplicationFilterChain.internalDoFilter(ApplicationFilterChain.java:290)
	at org.apache.catalina.core.ApplicationFilterChain.doFilter(ApplicationFilterChain.java:206)
	at org.apache.catalina.core.StandardWrapperValve.invoke(StandardWrapperValve.java:233)
	at org.apache.catalina.core.StandardContextValve.invoke(StandardContextValve.java:175)
	at org.apache.catalina.core.StandardHostValve.invoke(StandardHostValve.java:128)
	at org.apache.catalina.valves.ErrorReportValve.invoke(ErrorReportValve.java:102)
	at org.apache.catalina.core.StandardEngineValve.invoke(StandardEngineValve.java:109)
	at org.apache.catalina.connector.CoyoteAdapter.service(CoyoteAdapter.java:286)
	at org.apache.coyote.http11.Http11Processor.process(Http11Processor.java:844)
	at org.apache.coyote.http11.Http11Protocol$Http11ConnectionHandler.process(Http11Protocol.java:583)
	at org.apache.tomcat.util.net.JIoEndpoint$Worker.run(JIoEndpoint.java:447)
	at java.lang.Thread.run(Thread.java:744)

Mai 31, 2014 4:42:24 AM org.apache.catalina.core.StandardWrapperValve invoke
Schwerwiegend: Servlet.service() for servlet jsp threw exception
java.lang.UnsatisfiedLinkError: no xuggle-xuggler in java.library.path
	at java.lang.ClassLoader.loadLibrary(ClassLoader.java:1886)
	at java.lang.Runtime.loadLibrary0(Runtime.java:849)
	at java.lang.System.loadLibrary(System.java:1088)
	at com.xuggle.ferry.JNILibraryLoader.loadLibrary0(JNILibraryLoader.java:265)
	at com.xuggle.ferry.JNILibraryLoader.loadLibrary(JNILibraryLoader.java:168)
	at com.xuggle.xuggler.XugglerJNI.<clinit>(XugglerJNI.java:19)
	at com.xuggle.xuggler.IPixelFormat$Type.<clinit>(IPixelFormat.java:201)
	at itm.video.VideoThumbnailGenerator.<clinit>(Unknown Source)
	at itm.model.MediaFactory.loadMedia(Unknown Source)
	at itm.model.MediaFactory.getMedia(Unknown Source)
	at org.apache.jsp.index_jsp._jspService(index_jsp.java:94)
	at org.apache.jasper.runtime.HttpJspBase.service(HttpJspBase.java:70)
	at javax.servlet.http.HttpServlet.service(HttpServlet.java:803)
	at org.apache.jasper.servlet.JspServletWrapper.service(JspServletWrapper.java:374)
	at org.apache.jasper.servlet.JspServlet.serviceJspFile(JspServlet.java:337)
	at org.apache.jasper.servlet.JspServlet.service(JspServlet.java:266)
	at javax.servlet.http.HttpServlet.service(HttpServlet.java:803)
	at org.apache.catalina.core.ApplicationFilterChain.internalDoFilter(ApplicationFilterChain.java:290)
	at org.apache.catalina.core.ApplicationFilterChain.doFilter(ApplicationFilterChain.java:206)
	at org.apache.catalina.core.StandardWrapperValve.invoke(StandardWrapperValve.java:233)
	at org.apache.catalina.core.StandardContextValve.invoke(StandardContextValve.java:175)
	at org.apache.catalina.core.StandardHostValve.invoke(StandardHostValve.java:128)
	at org.apache.catalina.valves.ErrorReportValve.invoke(ErrorReportValve.java:102)
	at org.apache.catalina.core.StandardEngineValve.invoke(StandardEngineValve.java:109)
	at org.apache.catalina.connector.CoyoteAdapter.service(CoyoteAdapter.java:286)
	at org.apache.coyote.http11.Http11Processor.process(Http11Processor.java:844)
	at org.apache.coyote.http11.Http11Protocol$Http11ConnectionHandler.process(Http11Protocol.java:583)
	at org.apache.tomcat.util.net.JIoEndpoint$Worker.run(JIoEndpoint.java:447)
	at java.lang.Thread.run(Thread.java:744)

